<?xml version="1.0" encoding="UTF-8"?>
<coverage generated="1684987305913" clover="3.2.0">
  <project timestamp="1684987305913" name="All files">
    <metrics statements="46" coveredstatements="46" conditionals="22" coveredconditionals="14" methods="1" coveredmethods="1" elements="69" coveredelements="61" complexity="0" loc="46" ncloc="46" packages="1" files="2" classes="2"/>
    <file name="PrimaryButton.module.tsx" path="/Users/francisco/WORKFILES/PM/skin-monorepo-app/packages/ui/ui-divergana/src/components/Buttons/PrimaryButton/PrimaryButton.module.tsx">
      <metrics statements="9" coveredstatements="9" conditionals="22" coveredconditionals="14" methods="1" coveredmethods="1"/>
      <line num="1" count="1" type="stmt"/>
      <line num="2" count="1" type="stmt"/>
      <line num="3" count="1" type="stmt"/>
      <line num="4" count="1" type="stmt"/>
      <line num="7" count="1" type="stmt"/>
      <line num="18" count="1" type="stmt"/>
      <line num="20" count="1" type="cond" truecount="1" falsecount="1"/>
      <line num="22" count="1" type="stmt"/>
      <line num="43" count="1" type="stmt"/>
    </file>
    <file name="PrimaryButton.utils.tsx" path="/Users/francisco/WORKFILES/PM/skin-monorepo-app/packages/ui/ui-divergana/src/components/Buttons/PrimaryButton/PrimaryButton.utils.tsx">
      <metrics statements="37" coveredstatements="37" conditionals="0" coveredconditionals="0" methods="0" coveredmethods="0"/>
      <line num="2" count="1" type="stmt"/>
      <line num="5" count="1" type="stmt"/>
      <line num="10" count="1" type="stmt"/>
      <line num="15" count="1" type="stmt"/>
      <line num="20" count="1" type="stmt"/>
      <line num="25" count="1" type="stmt"/>
      <line num="31" count="1" type="stmt"/>
      <line num="35" count="1" type="stmt"/>
      <line num="40" count="1" type="stmt"/>
      <line num="45" count="1" type="stmt"/>
      <line num="50" count="1" type="stmt"/>
      <line num="55" count="1" type="stmt"/>
      <line num="61" count="1" type="stmt"/>
      <line num="66" count="1" type="stmt"/>
      <line num="71" count="1" type="stmt"/>
      <line num="76" count="1" type="stmt"/>
      <line num="81" count="1" type="stmt"/>
      <line num="89" count="1" type="stmt"/>
      <line num="94" count="1" type="stmt"/>
      <line num="99" count="1" type="stmt"/>
      <line num="104" count="1" type="stmt"/>
      <line num="109" count="1" type="stmt"/>
      <line num="115" count="1" type="stmt"/>
      <line num="119" count="1" type="stmt"/>
      <line num="124" count="1" type="stmt"/>
      <line num="129" count="1" type="stmt"/>
      <line num="134" count="1" type="stmt"/>
      <line num="139" count="1" type="stmt"/>
      <line num="145" count="1" type="stmt"/>
      <line num="150" count="1" type="stmt"/>
      <line num="155" count="1" type="stmt"/>
      <line num="160" count="1" type="stmt"/>
      <line num="165" count="1" type="stmt"/>
      <line num="172" count="1" type="stmt"/>
      <line num="180" count="1" type="stmt"/>
      <line num="188" count="1" type="stmt"/>
      <line num="197" count="1" type="stmt"/>
    </file>
  </project>
</coverage>
