<?xml version="1.0" encoding="UTF-8"?>
<coverage generated="1684815608333" clover="3.2.0">
  <project timestamp="1684815608333" name="All files">
    <metrics statements="6" coveredstatements="6" conditionals="0" coveredconditionals="0" methods="1" coveredmethods="1" elements="7" coveredelements="7" complexity="0" loc="6" ncloc="6" packages="1" files="1" classes="1"/>
    <file name="PrimaryButton.module.tsx" path="/Users/francisco/WORKFILES/PM/skin-monorepo-app/packages/ui/ui-divergana/src/components/Buttons/PrimaryButton/PrimaryButton.module.tsx">
      <metrics statements="6" coveredstatements="6" conditionals="0" coveredconditionals="0" methods="1" coveredmethods="1"/>
      <line num="1" count="1" type="stmt"/>
      <line num="4" count="1" type="stmt"/>
      <line num="6" count="1" type="stmt"/>
      <line num="7" count="1" type="stmt"/>
      <line num="8" count="1" type="stmt"/>
      <line num="11" count="1" type="stmt"/>
    </file>
  </project>
</coverage>
