{"/Users/francisco/WORKFILES/PM/skin-monorepo-app/packages/ui/ui-divergana/src/components/Buttons/PrimaryButton/PrimaryButton.module.tsx": {"path":"/Users/francisco/WORKFILES/PM/skin-monorepo-app/packages/ui/ui-divergana/src/components/Buttons/PrimaryButton/PrimaryButton.module.tsx","statementMap":{"0":{"start":{"line":1,"column":0},"end":{"line":1,"column":26}},"1":{"start":{"line":2,"column":0},"end":{"line":2,"column":37}},"2":{"start":{"line":3,"column":0},"end":{"line":3,"column":41}},"3":{"start":{"line":4,"column":0},"end":{"line":4,"column":57}},"4":{"start":{"line":7,"column":22},"end":{"line":41,"column":1}},"5":{"start":{"line":18,"column":5},"end":{"line":18,"column":10}},"6":{"start":{"line":20,"column":21},"end":{"line":20,"column":46}},"7":{"start":{"line":22,"column":1},"end":{"line":40,"column":3}},"8":{"start":{"line":43,"column":0},"end":{"line":43,"column":29}}},"fnMap":{"0":{"name":"(anonymous_1)","decl":{"start":{"line":7,"column":22},"end":{"line":7,"column":23}},"loc":{"start":{"line":7,"column":53},"end":{"line":41,"column":1}}}},"branchMap":{"0":{"loc":{"start":{"line":10,"column":2},"end":{"line":10,"column":23}},"type":"default-arg","locations":[{"start":{"line":10,"column":15},"end":{"line":10,"column":23}}]},"1":{"loc":{"start":{"line":11,"column":2},"end":{"line":11,"column":24}},"type":"default-arg","locations":[{"start":{"line":11,"column":15},"end":{"line":11,"column":24}}]},"2":{"loc":{"start":{"line":12,"column":2},"end":{"line":12,"column":25}},"type":"default-arg","locations":[{"start":{"line":12,"column":16},"end":{"line":12,"column":25}}]},"3":{"loc":{"start":{"line":13,"column":2},"end":{"line":13,"column":21}},"type":"default-arg","locations":[{"start":{"line":13,"column":12},"end":{"line":13,"column":21}}]},"4":{"loc":{"start":{"line":14,"column":2},"end":{"line":14,"column":20}},"type":"default-arg","locations":[{"start":{"line":14,"column":11},"end":{"line":14,"column":20}}]},"5":{"loc":{"start":{"line":15,"column":2},"end":{"line":15,"column":17}},"type":"default-arg","locations":[{"start":{"line":15,"column":12},"end":{"line":15,"column":17}}]},"6":{"loc":{"start":{"line":16,"column":2},"end":{"line":16,"column":18}},"type":"default-arg","locations":[{"start":{"line":16,"column":13},"end":{"line":16,"column":18}}]},"7":{"loc":{"start":{"line":17,"column":2},"end":{"line":17,"column":16}},"type":"default-arg","locations":[{"start":{"line":17,"column":14},"end":{"line":17,"column":16}}]},"8":{"loc":{"start":{"line":20,"column":21},"end":{"line":20,"column":46}},"type":"cond-expr","locations":[{"start":{"line":20,"column":31},"end":{"line":20,"column":39}},{"start":{"line":20,"column":42},"end":{"line":20,"column":46}}]},"9":{"loc":{"start":{"line":32,"column":8},"end":{"line":32,"column":37}},"type":"binary-expr","locations":[{"start":{"line":32,"column":8},"end":{"line":32,"column":15}},{"start":{"line":32,"column":19},"end":{"line":32,"column":37}}]},"10":{"loc":{"start":{"line":34,"column":4},"end":{"line":34,"column":44}},"type":"binary-expr","locations":[{"start":{"line":34,"column":4},"end":{"line":34,"column":11}},{"start":{"line":34,"column":15},"end":{"line":34,"column":44}}]},"11":{"loc":{"start":{"line":34,"column":18},"end":{"line":34,"column":40}},"type":"binary-expr","locations":[{"start":{"line":34,"column":18},"end":{"line":34,"column":29}},{"start":{"line":34,"column":33},"end":{"line":34,"column":40}}]},"12":{"loc":{"start":{"line":35,"column":21},"end":{"line":35,"column":43}},"type":"cond-expr","locations":[{"start":{"line":35,"column":31},"end":{"line":35,"column":38}},{"start":{"line":35,"column":41},"end":{"line":35,"column":43}}]},"13":{"loc":{"start":{"line":35,"column":48},"end":{"line":35,"column":69}},"type":"cond-expr","locations":[{"start":{"line":35,"column":57},"end":{"line":35,"column":64}},{"start":{"line":35,"column":67},"end":{"line":35,"column":69}}]},"14":{"loc":{"start":{"line":38,"column":4},"end":{"line":38,"column":27}},"type":"binary-expr","locations":[{"start":{"line":38,"column":4},"end":{"line":38,"column":10}},{"start":{"line":38,"column":14},"end":{"line":38,"column":27}}]}},"s":{"0":1,"1":1,"2":1,"3":1,"4":1,"5":1,"6":1,"7":1,"8":1},"f":{"0":1},"b":{"0":[1],"1":[1],"2":[1],"3":[1],"4":[1],"5":[1],"6":[1],"7":[1],"8":[0,1],"9":[1,0],"10":[1,0],"11":[0,0],"12":[0,1],"13":[0,1],"14":[1,0]}}
,"/Users/francisco/WORKFILES/PM/skin-monorepo-app/packages/ui/ui-divergana/src/components/Buttons/PrimaryButton/PrimaryButton.utils.tsx": {"path":"/Users/francisco/WORKFILES/PM/skin-monorepo-app/packages/ui/ui-divergana/src/components/Buttons/PrimaryButton/PrimaryButton.utils.tsx","statementMap":{"0":{"start":{"line":2,"column":0},"end":{"line":2,"column":47}},"1":{"start":{"line":5,"column":13},"end":{"line":9,"column":2}},"2":{"start":{"line":10,"column":13},"end":{"line":14,"column":2}},"3":{"start":{"line":15,"column":13},"end":{"line":19,"column":2}},"4":{"start":{"line":20,"column":13},"end":{"line":24,"column":2}},"5":{"start":{"line":25,"column":13},"end":{"line":30,"column":2}},"6":{"start":{"line":31,"column":13},"end":{"line":34,"column":2}},"7":{"start":{"line":35,"column":13},"end":{"line":39,"column":2}},"8":{"start":{"line":40,"column":13},"end":{"line":44,"column":2}},"9":{"start":{"line":45,"column":13},"end":{"line":49,"column":2}},"10":{"start":{"line":50,"column":13},"end":{"line":54,"column":2}},"11":{"start":{"line":55,"column":13},"end":{"line":60,"column":2}},"12":{"start":{"line":61,"column":13},"end":{"line":65,"column":2}},"13":{"start":{"line":66,"column":13},"end":{"line":70,"column":2}},"14":{"start":{"line":71,"column":13},"end":{"line":75,"column":2}},"15":{"start":{"line":76,"column":13},"end":{"line":80,"column":2}},"16":{"start":{"line":81,"column":13},"end":{"line":86,"column":2}},"17":{"start":{"line":89,"column":13},"end":{"line":93,"column":2}},"18":{"start":{"line":94,"column":13},"end":{"line":98,"column":2}},"19":{"start":{"line":99,"column":13},"end":{"line":103,"column":2}},"20":{"start":{"line":104,"column":13},"end":{"line":108,"column":2}},"21":{"start":{"line":109,"column":13},"end":{"line":114,"column":2}},"22":{"start":{"line":115,"column":13},"end":{"line":118,"column":2}},"23":{"start":{"line":119,"column":13},"end":{"line":123,"column":2}},"24":{"start":{"line":124,"column":13},"end":{"line":128,"column":2}},"25":{"start":{"line":129,"column":13},"end":{"line":133,"column":2}},"26":{"start":{"line":134,"column":13},"end":{"line":138,"column":2}},"27":{"start":{"line":139,"column":13},"end":{"line":144,"column":2}},"28":{"start":{"line":145,"column":13},"end":{"line":149,"column":2}},"29":{"start":{"line":150,"column":13},"end":{"line":154,"column":2}},"30":{"start":{"line":155,"column":13},"end":{"line":159,"column":2}},"31":{"start":{"line":160,"column":13},"end":{"line":164,"column":2}},"32":{"start":{"line":165,"column":13},"end":{"line":170,"column":2}},"33":{"start":{"line":172,"column":13},"end":{"line":179,"column":2}},"34":{"start":{"line":180,"column":13},"end":{"line":187,"column":2}},"35":{"start":{"line":188,"column":13},"end":{"line":195,"column":2}},"36":{"start":{"line":197,"column":13},"end":{"line":269,"column":3}}},"fnMap":{},"branchMap":{},"s":{"0":1,"1":1,"2":1,"3":1,"4":1,"5":1,"6":1,"7":1,"8":1,"9":1,"10":1,"11":1,"12":1,"13":1,"14":1,"15":1,"16":1,"17":1,"18":1,"19":1,"20":1,"21":1,"22":1,"23":1,"24":1,"25":1,"26":1,"27":1,"28":1,"29":1,"30":1,"31":1,"32":1,"33":1,"34":1,"35":1,"36":1},"f":{},"b":{}}
}
