{"/Users/francisco/WORKFILES/PM/skin-monorepo-app/packages/ui/ui-divergana/src/components/Buttons/PrimaryButton/PrimaryButton.module.tsx": {"path":"/Users/francisco/WORKFILES/PM/skin-monorepo-app/packages/ui/ui-divergana/src/components/Buttons/PrimaryButton/PrimaryButton.module.tsx","statementMap":{"0":{"start":{"line":1,"column":0},"end":{"line":1,"column":26}},"1":{"start":{"line":4,"column":0},"end":{"line":4,"column":37}},"2":{"start":{"line":6,"column":22},"end":{"line":9,"column":1}},"3":{"start":{"line":7,"column":38},"end":{"line":7,"column":43}},"4":{"start":{"line":8,"column":4},"end":{"line":8,"column":null}},"5":{"start":{"line":11,"column":0},"end":{"line":11,"column":29}}},"fnMap":{"0":{"name":"(anonymous_1)","decl":{"start":{"line":6,"column":22},"end":{"line":6,"column":23}},"loc":{"start":{"line":6,"column":53},"end":{"line":9,"column":1}}}},"branchMap":{},"s":{"0":1,"1":1,"2":1,"3":1,"4":1,"5":1},"f":{"0":1},"b":{}}
}
