TN:
SF:src/components/Buttons/PrimaryButton/PrimaryButton.module.tsx
FN:7,(anonymous_1)
FNF:1
FNH:1
FNDA:1,(anonymous_1)
DA:1,1
DA:2,1
DA:3,1
DA:4,1
DA:7,1
DA:18,1
DA:20,1
DA:22,1
DA:43,1
LF:9
LH:9
BRDA:10,0,0,1
BRDA:11,1,0,1
BRDA:12,2,0,1
BRDA:13,3,0,1
BRDA:14,4,0,1
BRDA:15,5,0,1
BRDA:16,6,0,1
BRDA:17,7,0,1
BRDA:20,8,0,0
BRDA:20,8,1,1
BRDA:32,9,0,1
BRDA:32,9,1,0
BRDA:34,10,0,1
BRDA:34,10,1,0
BRDA:34,11,0,0
BRDA:34,11,1,0
BRDA:35,12,0,0
BRDA:35,12,1,1
BRDA:35,13,0,0
BRDA:35,13,1,1
BRDA:38,14,0,1
BRDA:38,14,1,0
BRF:22
BRH:14
end_of_record
TN:
SF:src/components/Buttons/PrimaryButton/PrimaryButton.utils.tsx
FNF:0
FNH:0
DA:2,1
DA:5,1
DA:10,1
DA:15,1
DA:20,1
DA:25,1
DA:31,1
DA:35,1
DA:40,1
DA:45,1
DA:50,1
DA:55,1
DA:61,1
DA:66,1
DA:71,1
DA:76,1
DA:81,1
DA:89,1
DA:94,1
DA:99,1
DA:104,1
DA:109,1
DA:115,1
DA:119,1
DA:124,1
DA:129,1
DA:134,1
DA:139,1
DA:145,1
DA:150,1
DA:155,1
DA:160,1
DA:165,1
DA:172,1
DA:180,1
DA:188,1
DA:197,1
LF:37
LH:37
BRF:0
BRH:0
end_of_record
